TN:
SF:src\App.tsx
FN:5,(anonymous_9)
FN:5,(anonymous_10)
FN:6,(anonymous_11)
FN:6,(anonymous_12)
FN:7,(anonymous_13)
FN:7,(anonymous_14)
FN:9,(anonymous_15)
FN:29,(anonymous_16)
FN:38,(anonymous_17)
FN:47,(anonymous_18)
FNF:10
FNH:0
FNDA:0,(anonymous_9)
FNDA:0,(anonymous_10)
FNDA:0,(anonymous_11)
FNDA:0,(anonymous_12)
FNDA:0,(anonymous_13)
FNDA:0,(anonymous_14)
FNDA:0,(anonymous_15)
FNDA:0,(anonymous_16)
FNDA:0,(anonymous_17)
FNDA:0,(anonymous_18)
DA:1,0
DA:2,0
DA:3,0
DA:5,0
DA:6,0
DA:7,0
DA:9,0
DA:10,0
DA:30,0
DA:39,0
DA:48,0
DA:116,0
LF:12
LH:0
BRDA:30,0,0,0
BRDA:30,0,1,0
BRDA:39,1,0,0
BRDA:39,1,1,0
BRDA:48,2,0,0
BRDA:48,2,1,0
BRF:6
BRH:0
end_of_record
TN:
SF:src\components\ErrorBoundary.tsx
FN:11,(anonymous_9)
FN:14,(anonymous_10)
FN:18,(anonymous_11)
FN:22,(anonymous_12)
FN:33,(anonymous_13)
FNF:5
FNH:0
FNDA:0,(anonymous_9)
FNDA:0,(anonymous_10)
FNDA:0,(anonymous_11)
FNDA:0,(anonymous_12)
FNDA:0,(anonymous_13)
DA:1,0
DA:11,0
DA:12,0
DA:15,0
DA:19,0
DA:23,0
DA:24,0
DA:33,0
DA:43,0
LF:9
LH:0
BRDA:23,0,0,0
BRDA:23,0,1,0
BRF:2
BRH:0
end_of_record
TN:
SF:src\components\InputWithIcon.tsx
FN:13,(anonymous_1)
FN:27,(anonymous_2)
FNF:2
FNH:0
FNDA:0,(anonymous_1)
FNDA:0,(anonymous_2)
DA:1,0
DA:13,0
DA:21,0
DA:27,0
LF:4
LH:0
BRDA:18,0,0,0
BRDA:19,1,0,0
BRDA:29,2,0,0
BRDA:29,2,1,0
BRF:4
BRH:0
end_of_record
TN:
SF:src\constants\constants.ts
FNF:0
FNH:0
DA:3,0
DA:4,0
DA:5,0
DA:6,0
DA:8,0
DA:10,0
DA:17,0
DA:19,0
DA:31,0
DA:42,0
LF:10
LH:0
BRF:0
BRH:0
end_of_record
TN:
SF:src\hooks\hooks.ts
FN:6,(anonymous_0)
FN:13,(anonymous_1)
FN:34,(anonymous_2)
FN:42,(anonymous_3)
FN:44,(anonymous_4)
FN:51,(anonymous_5)
FN:57,(anonymous_6)
FN:67,(anonymous_7)
FN:79,(anonymous_8)
FN:86,(anonymous_9)
FN:94,(anonymous_10)
FNF:11
FNH:0
FNDA:0,(anonymous_0)
FNDA:0,(anonymous_1)
FNDA:0,(anonymous_2)
FNDA:0,(anonymous_3)
FNDA:0,(anonymous_4)
FNDA:0,(anonymous_5)
FNDA:0,(anonymous_6)
FNDA:0,(anonymous_7)
FNDA:0,(anonymous_8)
FNDA:0,(anonymous_9)
FNDA:0,(anonymous_10)
DA:1,0
DA:2,0
DA:3,0
DA:6,0
DA:7,0
DA:8,0
DA:9,0
DA:10,0
DA:12,0
DA:14,0
DA:15,0
DA:16,0
DA:17,0
DA:18,0
DA:19,0
DA:20,0
DA:22,0
DA:23,0
DA:25,0
DA:31,0
DA:34,0
DA:35,0
DA:36,0
DA:37,0
DA:38,0
DA:39,0
DA:40,0
DA:42,0
DA:43,0
DA:44,0
DA:45,0
DA:46,0
DA:50,0
DA:52,0
DA:53,0
DA:54,0
DA:55,0
DA:58,0
DA:59,0
DA:67,0
DA:70,0
DA:72,0
DA:73,0
DA:79,0
DA:80,0
DA:81,0
DA:82,0
DA:83,0
DA:86,0
DA:87,0
DA:88,0
DA:89,0
DA:90,0
DA:93,0
DA:95,0
DA:96,0
DA:97,0
DA:98,0
DA:100,0
DA:101,0
DA:107,0
LF:61
LH:0
BRDA:14,0,0,0
BRDA:14,0,1,0
BRDA:22,1,0,0
BRDA:22,1,1,0
BRDA:70,2,0,0
BRDA:70,2,1,0
BRDA:73,3,0,0
BRDA:73,3,1,0
BRDA:87,4,0,0
BRDA:87,4,1,0
BRDA:87,5,0,0
BRDA:87,5,1,0
BRDA:100,6,0,0
BRDA:100,6,1,0
BRF:14
BRH:0
end_of_record
TN:
SF:src\pages\GeneratePage.tsx
FN:35,(anonymous_9)
FN:59,(anonymous_10)
FN:84,(anonymous_11)
FN:90,(anonymous_12)
FN:96,(anonymous_13)
FN:128,(anonymous_14)
FN:131,(anonymous_15)
FN:146,(anonymous_16)
FN:149,(anonymous_17)
FN:176,(anonymous_18)
FN:189,(anonymous_19)
FN:196,(anonymous_20)
FN:201,(anonymous_21)
FN:219,(anonymous_22)
FN:226,(anonymous_23)
FN:233,(anonymous_24)
FN:245,(anonymous_25)
FN:252,(anonymous_26)
FN:258,(anonymous_27)
FN:270,(anonymous_28)
FN:276,(anonymous_29)
FN:288,(anonymous_30)
FN:295,(anonymous_31)
FN:307,(anonymous_32)
FN:315,(anonymous_33)
FN:327,(anonymous_34)
FN:356,(anonymous_35)
FN:375,(anonymous_36)
FN:387,(anonymous_37)
FN:390,(anonymous_38)
FN:401,(anonymous_39)
FN:417,(anonymous_40)
FN:431,(anonymous_41)
FN:453,(anonymous_42)
FN:456,(anonymous_43)
FN:501,(anonymous_44)
FN:534,(anonymous_45)
FN:547,(anonymous_46)
FNF:38
FNH:0
FNDA:0,(anonymous_9)
FNDA:0,(anonymous_10)
FNDA:0,(anonymous_11)
FNDA:0,(anonymous_12)
FNDA:0,(anonymous_13)
FNDA:0,(anonymous_14)
FNDA:0,(anonymous_15)
FNDA:0,(anonymous_16)
FNDA:0,(anonymous_17)
FNDA:0,(anonymous_18)
FNDA:0,(anonymous_19)
FNDA:0,(anonymous_20)
FNDA:0,(anonymous_21)
FNDA:0,(anonymous_22)
FNDA:0,(anonymous_23)
FNDA:0,(anonymous_24)
FNDA:0,(anonymous_25)
FNDA:0,(anonymous_26)
FNDA:0,(anonymous_27)
FNDA:0,(anonymous_28)
FNDA:0,(anonymous_29)
FNDA:0,(anonymous_30)
FNDA:0,(anonymous_31)
FNDA:0,(anonymous_32)
FNDA:0,(anonymous_33)
FNDA:0,(anonymous_34)
FNDA:0,(anonymous_35)
FNDA:0,(anonymous_36)
FNDA:0,(anonymous_37)
FNDA:0,(anonymous_38)
FNDA:0,(anonymous_39)
FNDA:0,(anonymous_40)
FNDA:0,(anonymous_41)
FNDA:0,(anonymous_42)
FNDA:0,(anonymous_43)
FNDA:0,(anonymous_44)
FNDA:0,(anonymous_45)
FNDA:0,(anonymous_46)
DA:1,0
DA:2,0
DA:21,0
DA:22,0
DA:23,0
DA:29,0
DA:30,0
DA:32,0
DA:33,0
DA:35,0
DA:36,0
DA:37,0
DA:38,0
DA:41,0
DA:42,0
DA:43,0
DA:44,0
DA:51,0
DA:52,0
DA:53,0
DA:54,0
DA:55,0
DA:56,0
DA:57,0
DA:59,0
DA:60,0
DA:62,0
DA:64,0
DA:66,0
DA:68,0
DA:70,0
DA:72,0
DA:74,0
DA:76,0
DA:78,0
DA:80,0
DA:84,0
DA:85,0
DA:86,0
DA:87,0
DA:90,0
DA:91,0
DA:92,0
DA:93,0
DA:96,0
DA:97,0
DA:98,0
DA:99,0
DA:100,0
DA:102,0
DA:106,0
DA:113,0
DA:121,0
DA:129,0
DA:131,0
DA:147,0
DA:149,0
DA:176,0
DA:189,0
DA:196,0
DA:202,0
DA:219,0
DA:226,0
DA:233,0
DA:245,0
DA:252,0
DA:258,0
DA:270,0
DA:276,0
DA:288,0
DA:295,0
DA:307,0
DA:315,0
DA:327,0
DA:356,0
DA:375,0
DA:388,0
DA:390,0
DA:401,0
DA:417,0
DA:431,0
DA:454,0
DA:456,0
DA:501,0
DA:534,0
DA:547,0
DA:560,0
LF:87
LH:0
BRDA:60,0,0,0
BRDA:60,0,1,0
BRDA:60,0,2,0
BRDA:60,0,3,0
BRDA:60,0,4,0
BRDA:60,0,5,0
BRDA:60,0,6,0
BRDA:60,0,7,0
BRDA:60,0,8,0
BRDA:60,0,9,0
BRDA:76,1,0,0
BRDA:76,1,1,0
BRDA:85,2,0,0
BRDA:85,2,1,0
BRDA:87,3,0,0
BRDA:87,3,1,0
BRDA:91,4,0,0
BRDA:91,4,1,0
BRDA:97,5,0,0
BRDA:97,5,1,0
BRDA:133,6,0,0
BRDA:133,6,1,0
BRDA:161,7,0,0
BRDA:161,7,1,0
BRDA:167,8,0,0
BRDA:167,8,1,0
BRDA:171,9,0,0
BRDA:171,9,1,0
BRDA:183,10,0,0
BRDA:183,10,1,0
BRDA:213,11,0,0
BRDA:213,11,1,0
BRDA:239,12,0,0
BRDA:239,12,1,0
BRDA:264,13,0,0
BRDA:264,13,1,0
BRDA:282,14,0,0
BRDA:282,14,1,0
BRDA:301,15,0,0
BRDA:301,15,1,0
BRDA:321,16,0,0
BRDA:321,16,1,0
BRDA:336,17,0,0
BRDA:336,17,1,0
BRDA:338,18,0,0
BRDA:338,18,1,0
BRDA:338,19,0,0
BRDA:338,19,1,0
BRDA:344,20,0,0
BRDA:344,20,1,0
BRDA:359,21,0,0
BRDA:359,21,1,0
BRDA:391,22,0,0
BRDA:391,22,1,0
BRDA:418,23,0,0
BRDA:418,23,1,0
BRDA:421,24,0,0
BRDA:421,24,1,0
BRDA:425,25,0,0
BRDA:425,25,1,0
BRDA:440,26,0,0
BRDA:440,26,1,0
BRDA:447,27,0,0
BRDA:447,27,1,0
BRDA:458,28,0,0
BRDA:458,28,1,0
BRDA:477,29,0,0
BRDA:477,29,1,0
BRDA:501,30,0,0
BRDA:501,30,1,0
BRDA:504,31,0,0
BRDA:504,31,1,0
BRDA:515,32,0,0
BRDA:515,32,1,0
BRDA:526,33,0,0
BRDA:526,33,1,0
BRDA:541,34,0,0
BRDA:541,34,1,0
BRF:78
BRH:0
end_of_record
TN:
SF:src\pages\HistoryPage.tsx
FN:17,(anonymous_9)
FN:23,(anonymous_10)
FN:26,(anonymous_11)
FN:29,(anonymous_12)
FN:38,(anonymous_13)
FN:48,(anonymous_14)
FN:63,(anonymous_15)
FN:69,(anonymous_16)
FN:97,(anonymous_17)
FN:103,(anonymous_18)
FN:114,(anonymous_19)
FN:159,(anonymous_20)
FN:178,(anonymous_21)
FN:186,(anonymous_22)
FNF:14
FNH:0
FNDA:0,(anonymous_9)
FNDA:0,(anonymous_10)
FNDA:0,(anonymous_11)
FNDA:0,(anonymous_12)
FNDA:0,(anonymous_13)
FNDA:0,(anonymous_14)
FNDA:0,(anonymous_15)
FNDA:0,(anonymous_16)
FNDA:0,(anonymous_17)
FNDA:0,(anonymous_18)
FNDA:0,(anonymous_19)
FNDA:0,(anonymous_20)
FNDA:0,(anonymous_21)
FNDA:0,(anonymous_22)
DA:1,0
DA:2,0
DA:13,0
DA:14,0
DA:17,0
DA:19,0
DA:20,0
DA:21,0
DA:23,0
DA:24,0
DA:25,0
DA:26,0
DA:29,0
DA:30,0
DA:35,0
DA:38,0
DA:39,0
DA:40,0
DA:41,0
DA:43,0
DA:48,0
DA:49,0
DA:50,0
DA:51,0
DA:53,0
DA:57,0
DA:63,0
DA:69,0
DA:97,0
DA:103,0
DA:115,0
DA:159,0
DA:178,0
DA:187,0
DA:215,0
LF:35
LH:0
BRDA:24,0,0,0
BRDA:24,0,1,0
BRDA:25,1,0,0
BRDA:25,1,1,0
BRDA:39,2,0,0
BRDA:39,2,1,0
BRDA:40,3,0,0
BRDA:40,3,1,0
BRDA:64,4,0,0
BRDA:64,4,1,0
BRDA:70,5,0,0
BRDA:70,5,1,0
BRDA:101,6,0,0
BRDA:101,6,1,0
BRDA:113,7,0,0
BRDA:113,7,1,0
BRDA:119,8,0,0
BRDA:119,8,1,0
BRDA:119,8,2,0
BRDA:128,9,0,0
BRDA:128,9,1,0
BRDA:138,10,0,0
BRDA:138,10,1,0
BRDA:140,11,0,0
BRDA:140,11,1,0
BRDA:142,12,0,0
BRDA:142,12,1,0
BRDA:165,13,0,0
BRDA:165,13,1,0
BRDA:176,14,0,0
BRDA:176,14,1,0
BRDA:187,15,0,0
BRDA:187,15,1,0
BRF:33
BRH:0
end_of_record
TN:
SF:src\pages\ScanPage.tsx
FN:17,(anonymous_9)
FN:24,(anonymous_10)
FN:26,(anonymous_11)
FN:32,(anonymous_12)
FN:36,(anonymous_13)
FN:45,(anonymous_14)
FN:66,(anonymous_15)
FN:76,(anonymous_16)
FN:158,(anonymous_17)
FNF:9
FNH:0
FNDA:0,(anonymous_9)
FNDA:0,(anonymous_10)
FNDA:0,(anonymous_11)
FNDA:0,(anonymous_12)
FNDA:0,(anonymous_13)
FNDA:0,(anonymous_14)
FNDA:0,(anonymous_15)
FNDA:0,(anonymous_16)
FNDA:0,(anonymous_17)
DA:1,0
DA:2,0
DA:14,0
DA:15,0
DA:17,0
DA:19,0
DA:20,0
DA:21,0
DA:22,0
DA:24,0
DA:25,0
DA:26,0
DA:27,0
DA:28,0
DA:32,0
DA:33,0
DA:36,0
DA:37,0
DA:38,0
DA:39,0
DA:40,0
DA:41,0
DA:45,0
DA:46,0
DA:47,0
DA:48,0
DA:52,0
DA:60,0
DA:67,0
DA:68,0
DA:69,0
DA:77,0
DA:78,0
DA:79,0
DA:158,0
DA:239,0
LF:36
LH:0
BRDA:38,0,0,0
BRDA:38,0,1,0
BRDA:41,1,0,0
BRDA:41,1,1,0
BRDA:46,2,0,0
BRDA:46,2,1,0
BRDA:52,3,0,0
BRDA:52,3,1,0
BRDA:53,4,0,0
BRDA:53,4,1,0
BRDA:55,5,0,0
BRDA:55,5,1,0
BRDA:71,6,0,0
BRDA:71,6,1,0
BRDA:81,7,0,0
BRDA:81,7,1,0
BRDA:88,8,0,0
BRDA:88,8,1,0
BRDA:97,9,0,0
BRDA:97,9,1,0
BRDA:113,10,0,0
BRDA:113,10,1,0
BRDA:113,10,2,0
BRDA:131,11,0,0
BRDA:131,11,1,0
BRDA:133,12,0,0
BRDA:133,12,1,0
BRDA:136,13,0,0
BRDA:136,13,1,0
BRDA:138,14,0,0
BRDA:138,14,1,0
BRDA:177,15,0,0
BRDA:177,15,1,0
BRDA:177,15,2,0
BRDA:184,16,0,0
BRDA:184,16,1,0
BRDA:219,17,0,0
BRDA:219,17,1,0
BRF:38
BRH:0
end_of_record
TN:
SF:src\services\services.ts
FN:7,(anonymous_1)
FN:33,(anonymous_2)
FN:52,(anonymous_3)
FN:59,(anonymous_4)
FN:63,(anonymous_5)
FN:74,(anonymous_6)
FN:86,(anonymous_7)
FN:95,(anonymous_8)
FN:110,(anonymous_9)
FN:120,(anonymous_10)
FNF:10
FNH:2
FNDA:3,(anonymous_1)
FNDA:1,(anonymous_2)
FNDA:0,(anonymous_3)
FNDA:0,(anonymous_4)
FNDA:0,(anonymous_5)
FNDA:0,(anonymous_6)
FNDA:0,(anonymous_7)
FNDA:0,(anonymous_8)
FNDA:0,(anonymous_9)
FNDA:0,(anonymous_10)
DA:1,1
DA:2,1
DA:4,1
DA:6,1
DA:8,3
DA:9,3
DA:19,2
DA:28,1
DA:29,1
DA:34,1
DA:35,1
DA:45,1
DA:47,0
DA:48,0
DA:53,0
DA:54,0
DA:55,0
DA:59,1
DA:60,0
DA:61,0
DA:68,0
DA:69,0
DA:70,0
DA:75,0
DA:76,0
DA:80,0
DA:82,0
DA:87,0
DA:88,0
DA:89,0
DA:90,0
DA:91,0
DA:96,0
DA:97,0
DA:98,0
DA:99,0
DA:100,0
DA:103,0
DA:106,0
DA:111,0
DA:112,0
DA:113,0
DA:114,0
DA:116,0
DA:121,0
DA:122,0
DA:123,0
DA:124,0
DA:125,0
DA:133,0
DA:134,0
LF:51
LH:13
BRDA:14,0,0,1
BRDA:14,0,1,2
BRDA:41,1,0,0
BRDA:41,1,1,1
BRDA:75,2,0,0
BRDA:75,2,1,0
BRDA:87,3,0,0
BRDA:87,3,1,0
BRDA:87,4,0,0
BRDA:87,4,1,0
BRDA:96,5,0,0
BRDA:96,5,1,0
BRDA:96,6,0,0
BRDA:96,6,1,0
BRDA:99,7,0,0
BRDA:99,7,1,0
BRDA:99,8,0,0
BRDA:99,8,1,0
BRDA:111,9,0,0
BRDA:111,9,1,0
BRDA:111,10,0,0
BRDA:111,10,1,0
BRDA:114,11,0,0
BRDA:114,11,1,0
BRF:24
BRH:3
end_of_record
TN:
SF:src\stores\stores.ts
FN:13,(anonymous_0)
FN:21,(anonymous_1)
FN:22,(anonymous_2)
FN:41,(anonymous_3)
FN:44,(anonymous_4)
FN:45,(anonymous_5)
FN:48,(anonymous_6)
FN:49,(anonymous_7)
FN:52,(anonymous_8)
FN:53,(anonymous_9)
FN:54,(anonymous_10)
FN:56,(anonymous_11)
FN:57,(anonymous_12)
FN:58,(anonymous_13)
FN:60,(anonymous_14)
FN:61,(anonymous_15)
FNF:16
FNH:0
FNDA:0,(anonymous_0)
FNDA:0,(anonymous_1)
FNDA:0,(anonymous_2)
FNDA:0,(anonymous_3)
FNDA:0,(anonymous_4)
FNDA:0,(anonymous_5)
FNDA:0,(anonymous_6)
FNDA:0,(anonymous_7)
FNDA:0,(anonymous_8)
FNDA:0,(anonymous_9)
FNDA:0,(anonymous_10)
FNDA:0,(anonymous_11)
FNDA:0,(anonymous_12)
FNDA:0,(anonymous_13)
FNDA:0,(anonymous_14)
FNDA:0,(anonymous_15)
DA:1,0
DA:2,0
DA:4,0
DA:11,0
DA:13,0
DA:22,0
DA:39,0
DA:41,0
DA:45,0
DA:49,0
DA:53,0
DA:54,0
DA:57,0
DA:58,0
DA:60,0
DA:61,0
LF:16
LH:0
BRF:0
BRH:0
end_of_record
TN:
SF:src\utils\utils.ts
FN:3,(anonymous_0)
FN:7,(anonymous_1)
FN:16,(anonymous_2)
FN:21,(anonymous_3)
FN:36,(anonymous_4)
FN:44,(anonymous_5)
FN:51,(anonymous_6)
FNF:7
FNH:6
FNDA:4,(anonymous_0)
FNDA:11,(anonymous_1)
FNDA:2,(anonymous_2)
FNDA:1,(anonymous_3)
FNDA:7,(anonymous_4)
FNDA:1,(anonymous_5)
FNDA:0,(anonymous_6)
DA:3,2
DA:4,4
DA:7,2
DA:8,11
DA:9,11
DA:10,6
DA:12,5
DA:16,2
DA:17,2
DA:18,2
DA:21,2
DA:22,1
DA:36,2
DA:37,7
DA:38,6
DA:39,5
DA:40,4
DA:41,3
DA:44,2
DA:45,1
DA:51,2
DA:52,0
DA:53,0
DA:54,0
DA:56,0
DA:57,0
DA:59,0
DA:60,0
DA:61,0
DA:62,0
LF:30
LH:21
BRDA:10,0,0,6
BRDA:10,0,1,5
BRDA:18,1,0,2
BRDA:18,1,1,1
BRDA:26,2,0,1
BRDA:26,2,1,0
BRDA:27,3,0,1
BRDA:27,3,1,0
BRDA:28,4,0,1
BRDA:28,4,1,0
BRDA:29,5,0,1
BRDA:29,5,1,0
BRDA:37,6,0,1
BRDA:37,6,1,6
BRDA:38,7,0,1
BRDA:38,7,1,5
BRDA:39,8,0,1
BRDA:39,8,1,4
BRDA:40,9,0,1
BRDA:40,9,1,3
BRDA:40,10,0,4
BRDA:40,10,1,1
BRDA:51,11,0,0
BRDA:53,12,0,0
BRDA:53,12,1,0
BRF:25
BRH:18
end_of_record
